15:31:06.973 [AWT-EventQueue-0] INFO  com.hwt.meter.Charges - Start Performe: Data Load
15:31:07.035 [AWT-EventQueue-0] INFO  com.hwt.meter.SQLite - Start: AAA
15:31:07.281 [AWT-EventQueue-0] INFO  com.hwt.meter.SQLite - Connection to SQLite has been estiblished.
15:31:07.282 [AWT-EventQueue-0] INFO  com.hwt.meter.SQLite - End: AAA
15:31:07.282 [AWT-EventQueue-0] INFO  com.hwt.meter.SQLite - Start: Query->select * from meter_bill where room_id='1'
15:31:07.283 [AWT-EventQueue-0] INFO  com.hwt.meter.SQLite - End: Query->select * from meter_bill where room_id='1'
15:31:07.284 [AWT-EventQueue-0] INFO  com.hwt.meter.Charges - End Performe: Data Load
15:41:00.410 [AWT-EventQueue-0] INFO  com.hwt.meter.Charges - Start Performe: Data Load
15:41:00.413 [AWT-EventQueue-0] INFO  com.hwt.meter.SQLite - Start: AAA
15:41:00.580 [AWT-EventQueue-0] INFO  com.hwt.meter.SQLite - Connection to SQLite has been estiblished.
15:41:00.580 [AWT-EventQueue-0] INFO  com.hwt.meter.SQLite - End: AAA
15:41:00.581 [AWT-EventQueue-0] INFO  com.hwt.meter.SQLite - Start: Query->select * from meter_bill where room_id='2'
15:41:00.582 [AWT-EventQueue-0] INFO  com.hwt.meter.SQLite - End: Query->select * from meter_bill where room_id='2'
15:41:00.583 [AWT-EventQueue-0] INFO  com.hwt.meter.Charges - End Performe: Data Load
15:45:29.928 [AWT-EventQueue-0] INFO  com.hwt.meter.Charges - Start Performe: Data Load
15:45:29.931 [AWT-EventQueue-0] INFO  com.hwt.meter.SQLite - Start: AAA
15:45:30.100 [AWT-EventQueue-0] INFO  com.hwt.meter.SQLite - Connection to SQLite has been estiblished.
15:45:30.101 [AWT-EventQueue-0] INFO  com.hwt.meter.SQLite - End: AAA
15:45:30.102 [AWT-EventQueue-0] INFO  com.hwt.meter.SQLite - Start: Query->select room_id, start_date, end_date, start_unit, end_unit, total_unit from meter_bill where room_id='1'
15:45:30.103 [AWT-EventQueue-0] INFO  com.hwt.meter.SQLite - End: Query->select room_id, start_date, end_date, start_unit, end_unit, total_unit from meter_bill where room_id='1'
15:45:30.103 [AWT-EventQueue-0] INFO  com.hwt.meter.Charges - End Performe: Data Load
15:46:08.632 [AWT-EventQueue-0] INFO  com.hwt.meter.Charges - Start Performe: Data Load
15:46:08.635 [AWT-EventQueue-0] INFO  com.hwt.meter.SQLite - Start: AAA
15:46:08.800 [AWT-EventQueue-0] INFO  com.hwt.meter.SQLite - Connection to SQLite has been estiblished.
15:46:08.800 [AWT-EventQueue-0] INFO  com.hwt.meter.SQLite - End: AAA
15:46:08.801 [AWT-EventQueue-0] INFO  com.hwt.meter.SQLite - Start: Query->select id, room_id, start_date, end_date, start_unit, end_unit, total_unit from meter_bill where room_id='1'
15:46:08.802 [AWT-EventQueue-0] INFO  com.hwt.meter.SQLite - End: Query->select id, room_id, start_date, end_date, start_unit, end_unit, total_unit from meter_bill where room_id='1'
15:46:08.803 [AWT-EventQueue-0] INFO  com.hwt.meter.Charges - End Performe: Data Load
15:46:52.860 [AWT-EventQueue-0] INFO  com.hwt.meter.Charges - Start Performe: Data Load
15:46:52.862 [AWT-EventQueue-0] INFO  com.hwt.meter.SQLite - Start: AAA
15:46:53.022 [AWT-EventQueue-0] INFO  com.hwt.meter.SQLite - Connection to SQLite has been estiblished.
15:46:53.022 [AWT-EventQueue-0] INFO  com.hwt.meter.SQLite - End: AAA
15:46:53.023 [AWT-EventQueue-0] INFO  com.hwt.meter.SQLite - Start: Query->select id, room_id, start_date, end_date, start_unit, end_unit, total_unit from meter_bill where room_id='1'
15:46:53.024 [AWT-EventQueue-0] INFO  com.hwt.meter.SQLite - End: Query->select id, room_id, start_date, end_date, start_unit, end_unit, total_unit from meter_bill where room_id='1'
15:46:53.025 [AWT-EventQueue-0] INFO  com.hwt.meter.Charges - End Performe: Data Load
15:47:07.531 [AWT-EventQueue-0] INFO  com.hwt.meter.Charges - Start Performe: Data Load
15:47:07.531 [AWT-EventQueue-0] INFO  com.hwt.meter.SQLite - Start: AAA
15:47:07.532 [AWT-EventQueue-0] INFO  com.hwt.meter.SQLite - Connection to SQLite has been estiblished.
15:47:07.532 [AWT-EventQueue-0] INFO  com.hwt.meter.SQLite - End: AAA
15:47:07.532 [AWT-EventQueue-0] INFO  com.hwt.meter.SQLite - Start: Query->select id, room_id, start_date, end_date, start_unit, end_unit, total_unit from meter_bill where room_id='1'
15:47:07.532 [AWT-EventQueue-0] INFO  com.hwt.meter.SQLite - End: Query->select id, room_id, start_date, end_date, start_unit, end_unit, total_unit from meter_bill where room_id='1'
15:47:07.533 [AWT-EventQueue-0] INFO  com.hwt.meter.Charges - End Performe: Data Load
15:55:06.434 [AWT-EventQueue-0] INFO  com.hwt.meter.Charges - Start Performe: Data Load
15:55:06.441 [AWT-EventQueue-0] INFO  com.hwt.meter.SQLite - Start: AAA
15:55:06.609 [AWT-EventQueue-0] INFO  com.hwt.meter.SQLite - Connection to SQLite has been estiblished.
15:55:06.610 [AWT-EventQueue-0] INFO  com.hwt.meter.SQLite - End: AAA
15:55:06.610 [AWT-EventQueue-0] INFO  com.hwt.meter.SQLite - Start: Query->select id, room_id, start_date, end_date, start_unit, end_unit, total_unit from meter_bill where room_id='1'
15:55:06.612 [AWT-EventQueue-0] INFO  com.hwt.meter.SQLite - End: Query->select id, room_id, start_date, end_date, start_unit, end_unit, total_unit from meter_bill where room_id='1'
15:55:06.612 [AWT-EventQueue-0] INFO  com.hwt.meter.Charges - End Performe: Data Load
15:57:30.975 [AWT-EventQueue-0] INFO  com.hwt.meter.Charges - Start Performe: Data Load
15:57:30.978 [AWT-EventQueue-0] INFO  com.hwt.meter.SQLite - Start: AAA
15:57:31.145 [AWT-EventQueue-0] INFO  com.hwt.meter.SQLite - Connection to SQLite has been estiblished.
15:57:31.145 [AWT-EventQueue-0] INFO  com.hwt.meter.SQLite - End: AAA
15:57:31.146 [AWT-EventQueue-0] INFO  com.hwt.meter.SQLite - Start: Query->select id, room_id, start_date, end_date, start_unit, end_unit, total_unit from meter_bill where room_id='1'
15:57:31.147 [AWT-EventQueue-0] INFO  com.hwt.meter.SQLite - End: Query->select id, room_id, start_date, end_date, start_unit, end_unit, total_unit from meter_bill where room_id='1'
15:57:31.148 [AWT-EventQueue-0] INFO  com.hwt.meter.Charges - End Performe: Data Load
15:59:26.655 [AWT-EventQueue-0] INFO  com.hwt.meter.Charges - Start Performe: Data Load
15:59:26.657 [AWT-EventQueue-0] INFO  com.hwt.meter.SQLite - Start: AAA
15:59:26.845 [AWT-EventQueue-0] INFO  com.hwt.meter.SQLite - Connection to SQLite has been estiblished.
15:59:26.845 [AWT-EventQueue-0] INFO  com.hwt.meter.SQLite - End: AAA
15:59:26.846 [AWT-EventQueue-0] INFO  com.hwt.meter.SQLite - Start: Query->select id, room_id, start_date, end_date, start_unit, end_unit, total_unit from meter_bill where room_id='1'
15:59:26.847 [AWT-EventQueue-0] INFO  com.hwt.meter.SQLite - End: Query->select id, room_id, start_date, end_date, start_unit, end_unit, total_unit from meter_bill where room_id='1'
15:59:26.848 [AWT-EventQueue-0] INFO  com.hwt.meter.Charges - End Performe: Data Load
15:59:48.100 [AWT-EventQueue-0] INFO  com.hwt.meter.Charges - Start Performe: Data Load
15:59:48.102 [AWT-EventQueue-0] INFO  com.hwt.meter.SQLite - Start: AAA
15:59:48.270 [AWT-EventQueue-0] INFO  com.hwt.meter.SQLite - Connection to SQLite has been estiblished.
15:59:48.270 [AWT-EventQueue-0] INFO  com.hwt.meter.SQLite - End: AAA
15:59:48.271 [AWT-EventQueue-0] INFO  com.hwt.meter.SQLite - Start: Query->select id, room_id, start_date, end_date, start_unit, end_unit, total_unit from meter_bill where room_id='1'
15:59:48.272 [AWT-EventQueue-0] INFO  com.hwt.meter.SQLite - End: Query->select id, room_id, start_date, end_date, start_unit, end_unit, total_unit from meter_bill where room_id='1'
15:59:48.273 [AWT-EventQueue-0] INFO  com.hwt.meter.Charges - End Performe: Data Load
16:00:32.115 [AWT-EventQueue-0] INFO  com.hwt.meter.Charges - Start Performe: Data Load
16:00:32.118 [AWT-EventQueue-0] INFO  com.hwt.meter.SQLite - Start: AAA
16:00:32.295 [AWT-EventQueue-0] INFO  com.hwt.meter.SQLite - Connection to SQLite has been estiblished.
16:00:32.295 [AWT-EventQueue-0] INFO  com.hwt.meter.SQLite - End: AAA
16:00:32.296 [AWT-EventQueue-0] INFO  com.hwt.meter.SQLite - Start: Query->select id, room_id, start_date, end_date, start_unit, end_unit, total_unit from meter_bill where room_id='1'
16:00:32.297 [AWT-EventQueue-0] INFO  com.hwt.meter.SQLite - End: Query->select id, room_id, start_date, end_date, start_unit, end_unit, total_unit from meter_bill where room_id='1'
16:00:32.298 [AWT-EventQueue-0] INFO  com.hwt.meter.Charges - End Performe: Data Load
16:04:55.899 [AWT-EventQueue-0] INFO  com.hwt.meter.Charges - Start Performe: Data Load
16:04:55.902 [AWT-EventQueue-0] INFO  com.hwt.meter.SQLite - Start: AAA
16:04:56.080 [AWT-EventQueue-0] INFO  com.hwt.meter.SQLite - Connection to SQLite has been estiblished.
16:04:56.080 [AWT-EventQueue-0] INFO  com.hwt.meter.SQLite - End: AAA
16:04:56.081 [AWT-EventQueue-0] INFO  com.hwt.meter.SQLite - Start: Query->select id, room_id, start_date, end_date, start_unit, end_unit, total_unit from meter_bill where room_id='1'
16:04:56.082 [AWT-EventQueue-0] INFO  com.hwt.meter.SQLite - End: Query->select id, room_id, start_date, end_date, start_unit, end_unit, total_unit from meter_bill where room_id='1'
16:04:56.083 [AWT-EventQueue-0] INFO  com.hwt.meter.Charges - End Performe: Data Load
16:05:50.752 [AWT-EventQueue-0] INFO  com.hwt.meter.Charges - Start Performe: Data Load
16:05:50.755 [AWT-EventQueue-0] INFO  com.hwt.meter.SQLite - Start: AAA
16:05:51.018 [AWT-EventQueue-0] INFO  com.hwt.meter.SQLite - Connection to SQLite has been estiblished.
16:05:51.018 [AWT-EventQueue-0] INFO  com.hwt.meter.SQLite - End: AAA
16:05:51.019 [AWT-EventQueue-0] INFO  com.hwt.meter.SQLite - Start: Query->select id, room_id, start_date, end_date, start_unit, end_unit, total_unit from meter_bill where room_id='1'
16:05:51.020 [AWT-EventQueue-0] INFO  com.hwt.meter.SQLite - End: Query->select id, room_id, start_date, end_date, start_unit, end_unit, total_unit from meter_bill where room_id='1'
16:05:51.021 [AWT-EventQueue-0] INFO  com.hwt.meter.Charges - End Performe: Data Load
16:06:19.809 [AWT-EventQueue-0] INFO  com.hwt.meter.Charges - Start Performe: Data Load
16:06:19.812 [AWT-EventQueue-0] INFO  com.hwt.meter.SQLite - Start: AAA
16:06:19.981 [AWT-EventQueue-0] INFO  com.hwt.meter.SQLite - Connection to SQLite has been estiblished.
16:06:19.982 [AWT-EventQueue-0] INFO  com.hwt.meter.SQLite - End: AAA
16:06:19.982 [AWT-EventQueue-0] INFO  com.hwt.meter.SQLite - Start: Query->select id, room_id, start_date, end_date, start_unit, end_unit, total_unit from meter_bill where room_id='2'
16:06:19.984 [AWT-EventQueue-0] INFO  com.hwt.meter.SQLite - End: Query->select id, room_id, start_date, end_date, start_unit, end_unit, total_unit from meter_bill where room_id='2'
16:06:19.985 [AWT-EventQueue-0] INFO  com.hwt.meter.Charges - End Performe: Data Load
16:06:42.255 [AWT-EventQueue-0] INFO  com.hwt.meter.Charges - Start Performe: Data Load
16:06:42.258 [AWT-EventQueue-0] INFO  com.hwt.meter.SQLite - Start: AAA
16:06:42.435 [AWT-EventQueue-0] INFO  com.hwt.meter.SQLite - Connection to SQLite has been estiblished.
16:06:42.435 [AWT-EventQueue-0] INFO  com.hwt.meter.SQLite - End: AAA
16:06:42.436 [AWT-EventQueue-0] INFO  com.hwt.meter.SQLite - Start: Query->select id, room_id, start_date, end_date, start_unit, end_unit, total_unit from meter_bill where room_id='1'
16:06:42.437 [AWT-EventQueue-0] INFO  com.hwt.meter.SQLite - End: Query->select id, room_id, start_date, end_date, start_unit, end_unit, total_unit from meter_bill where room_id='1'
16:06:42.438 [AWT-EventQueue-0] INFO  com.hwt.meter.Charges - End Performe: Data Load
16:11:26.395 [AWT-EventQueue-0] INFO  com.hwt.meter.Charges - Start Performe: Data Load
16:11:26.397 [AWT-EventQueue-0] INFO  com.hwt.meter.SQLite - Start: AAA
16:11:26.562 [AWT-EventQueue-0] INFO  com.hwt.meter.SQLite - Connection to SQLite has been estiblished.
16:11:26.562 [AWT-EventQueue-0] INFO  com.hwt.meter.SQLite - End: AAA
16:11:26.563 [AWT-EventQueue-0] INFO  com.hwt.meter.SQLite - Start: Query->select id, room_id, start_date, end_date, start_unit, end_unit, total_unit from meter_bill where room_id='1'
16:11:26.564 [AWT-EventQueue-0] INFO  com.hwt.meter.SQLite - End: Query->select id, room_id, start_date, end_date, start_unit, end_unit, total_unit from meter_bill where room_id='1'
16:11:26.565 [AWT-EventQueue-0] INFO  com.hwt.meter.Charges - End Performe: Data Load
16:12:20.287 [AWT-EventQueue-0] INFO  com.hwt.meter.Charges - Start Performe: Data Load
16:12:20.289 [AWT-EventQueue-0] INFO  com.hwt.meter.SQLite - Start: AAA
16:12:20.465 [AWT-EventQueue-0] INFO  com.hwt.meter.SQLite - Connection to SQLite has been estiblished.
16:12:20.465 [AWT-EventQueue-0] INFO  com.hwt.meter.SQLite - End: AAA
16:12:20.466 [AWT-EventQueue-0] INFO  com.hwt.meter.SQLite - Start: Query->select id, room_id, start_date, end_date, start_unit, end_unit, total_unit from meter_bill where room_id='1'
16:12:20.467 [AWT-EventQueue-0] INFO  com.hwt.meter.SQLite - End: Query->select id, room_id, start_date, end_date, start_unit, end_unit, total_unit from meter_bill where room_id='1'
16:12:20.468 [AWT-EventQueue-0] INFO  com.hwt.meter.Charges - End Performe: Data Load
